<?xml version="1.0" encoding="UTF-8"?>
<testng-results ignored="0" total="2" passed="2" failed="0" skipped="0">
  <reporter-output>
  </reporter-output>
  <suite started-at="2022-03-09T16:16:31 GMT" name="Default suite" finished-at="2022-03-09T16:20:02 GMT" duration-ms="210649">
    <groups>
    </groups>
    <test started-at="2022-03-09T16:16:31 GMT" name="Default test" finished-at="2022-03-09T16:20:02 GMT" duration-ms="210649">
      <class name="com.knowIt.testcases.ChaseitInvoicesT9">
        <test-method is-config="true" signature="setup()[pri:0, instance:com.knowIt.testcases.ChaseitInvoicesT9@a3d8174]" started-at="2022-03-09T16:16:31 GMT" name="setup" finished-at="2022-03-09T16:16:38 GMT" duration-ms="7058" status="PASS">
          <reporter-output>
          </reporter-output>
        </test-method> <!-- setup -->
        <test-method signature="login()[pri:0, instance:com.knowIt.testcases.ChaseitInvoicesT9@a3d8174]" started-at="2022-03-09T16:16:38 GMT" name="login" finished-at="2022-03-09T16:16:59 GMT" duration-ms="20298" status="PASS">
          <reporter-output>
          </reporter-output>
        </test-method> <!-- login -->
        <test-method signature="invoices()[pri:0, instance:com.knowIt.testcases.ChaseitInvoicesT9@a3d8174]" started-at="2022-03-09T16:16:59 GMT" name="invoices" finished-at="2022-03-09T16:19:57 GMT" duration-ms="178114" status="PASS">
          <reporter-output>
          </reporter-output>
        </test-method> <!-- invoices -->
        <test-method is-config="true" signature="teardown()[pri:0, instance:com.knowIt.testcases.ChaseitInvoicesT9@a3d8174]" started-at="2022-03-09T16:19:57 GMT" name="teardown" finished-at="2022-03-09T16:20:02 GMT" duration-ms="5153" status="PASS">
          <reporter-output>
          </reporter-output>
        </test-method> <!-- teardown -->
      </class> <!-- com.knowIt.testcases.ChaseitInvoicesT9 -->
    </test> <!-- Default test -->
  </suite> <!-- Default suite -->
</testng-results>
